The system is: Windows - 10.0.18362 - AMD64
Compiling the C compiler identification source file "CMakeCCompilerId.c" succeeded.
Compiler: C:/Program Files (x86)/Microsoft Visual Studio/2019/Community/VC/Tools/MSVC/14.24.28314/bin/Hostx86/x86/cl.exe 
Build flags: 
Id flags:  

The output was:
0
Microsoft (R) C/C++ Optimizing Compiler Version 19.24.28316 for x86
Copyright (C) Microsoft Corporation.  All rights reserved.

CMakeCCompilerId.c
Microsoft (R) Incremental Linker Version 14.24.28316.0
Copyright (C) Microsoft Corporation.  All rights reserved.

/out:CMakeCCompilerId.exe 
CMakeCCompilerId.obj 


Compilation of the C compiler identification source "CMakeCCompilerId.c" produced "CMakeCCompilerId.exe"

Compilation of the C compiler identification source "CMakeCCompilerId.c" produced "CMakeCCompilerId.obj"

The C compiler identification is MSVC, found in "D:/Logic and Algo Labs/Lab1/cmake-build-debug/CMakeFiles/3.17.3/CompilerIdC/CMakeCCompilerId.exe"

Determining if the C compiler works passed with the following output:
Change Dir: D:/Logic and Algo Labs/Lab1/cmake-build-debug/CMakeFiles/CMakeTmp

Run Build Command(s):nmake /nologo cmTC_6a40d\fast && 	"C:\Program Files (x86)\Microsoft Visual Studio\2019\Community\VC\Tools\MSVC\14.24.28314\bin\HostX86\x86\nmake.exe"  -f CMakeFiles\cmTC_6a40d.dir\build.make /nologo -L                  CMakeFiles\cmTC_6a40d.dir\build
Building C object CMakeFiles/cmTC_6a40d.dir/testCCompiler.c.obj
	C:\PROGRA~2\MICROS~4\2019\COMMUN~1\VC\Tools\MSVC\1424~1.283\bin\Hostx86\x86\cl.exe @C:\Users\lants\AppData\Local\Temp\nm28D.tmp
testCCompiler.c
Linking C executable cmTC_6a40d.exe
	"D:\CLion 2020.2.1\bin\cmake\win\bin\cmake.exe" -E vs_link_exe --intdir=CMakeFiles\cmTC_6a40d.dir --rc="D:\Windows Kits\10\bin\10.0.18362.0\x86\rc.exe" --mt="D:\Windows Kits\10\bin\10.0.18362.0\x86\mt.exe" --manifests  -- C:\PROGRA~2\MICROS~4\2019\COMMUN~1\VC\Tools\MSVC\1424~1.283\bin\Hostx86\x86\link.exe /nologo @CMakeFiles\cmTC_6a40d.dir\objects1.rsp @C:\Users\lants\AppData\Local\Temp\nm55C.tmp



Detecting C compiler ABI info compiled with the following output:
Change Dir: D:/Logic and Algo Labs/Lab1/cmake-build-debug/CMakeFiles/CMakeTmp

Run Build Command(s):nmake /nologo cmTC_58c84\fast && 	"C:\Program Files (x86)\Microsoft Visual Studio\2019\Community\VC\Tools\MSVC\14.24.28314\bin\HostX86\x86\nmake.exe"  -f CMakeFiles\cmTC_58c84.dir\build.make /nologo -L                  CMakeFiles\cmTC_58c84.dir\build
Building C object CMakeFiles/cmTC_58c84.dir/CMakeCCompilerABI.c.obj
	C:\PROGRA~2\MICROS~4\2019\COMMUN~1\VC\Tools\MSVC\1424~1.283\bin\Hostx86\x86\cl.exe @C:\Users\lants\AppData\Local\Temp\nm15C6.tmp
CMakeCCompilerABI.c
Linking C executable cmTC_58c84.exe
	"D:\CLion 2020.2.1\bin\cmake\win\bin\cmake.exe" -E vs_link_exe --intdir=CMakeFiles\cmTC_58c84.dir --rc="D:\Windows Kits\10\bin\10.0.18362.0\x86\rc.exe" --mt="D:\Windows Kits\10\bin\10.0.18362.0\x86\mt.exe" --manifests  -- C:\PROGRA~2\MICROS~4\2019\COMMUN~1\VC\Tools\MSVC\1424~1.283\bin\Hostx86\x86\link.exe /nologo @CMakeFiles\cmTC_58c84.dir\objects1.rsp @C:\Users\lants\AppData\Local\Temp\nm174E.tmp



